SF:lib/domain/entities/user.dart
DA:13,2
DA:21,1
DA:24,1
DA:25,3
DA:26,3
DA:27,3
DA:28,3
DA:29,3
DA:30,3
DA:34,1
DA:36,3
DA:37,3
DA:38,3
DA:39,3
DA:40,2
DA:43,1
DA:45,6
DA:49,1
DA:56,1
DA:57,1
DA:58,1
DA:59,1
DA:60,1
DA:61,1
DA:66,1
DA:67,1
DA:68,1
DA:69,1
DA:70,1
DA:71,1
DA:72,1
DA:76,1
DA:77,1
DA:78,1
DA:79,1
DA:80,1
DA:81,1
DA:82,1
DA:86,1
DA:88,2
DA:89,1
DA:90,1
DA:91,1
DA:92,1
LF:44
LH:44
end_of_record
SF:lib/domain/entities/notification_settings.dart
DA:11,3
DA:17,2
DA:20,1
DA:21,3
DA:22,3
DA:23,3
DA:24,3
DA:26,2
DA:28,6
DA:29,6
DA:30,4
DA:32,2
DA:34,8
DA:37,1
DA:42,1
DA:44,1
DA:46,1
DA:48,1
DA:52,1
DA:53,1
DA:54,1
DA:55,1
DA:56,1
DA:60,1
DA:61,1
DA:62,1
DA:63,1
DA:64,1
DA:68,1
DA:69,1
DA:70,1
DA:71,1
DA:72,1
LF:33
LH:33
end_of_record
SF:lib/domain/entities/news_article.dart
DA:15,1
DA:25,1
DA:28,1
DA:29,3
DA:30,3
DA:31,3
DA:32,3
DA:33,3
DA:34,3
DA:35,3
DA:39,1
DA:41,3
DA:42,3
DA:43,3
DA:44,3
DA:45,3
DA:46,2
DA:49,1
DA:51,7
DA:55,1
DA:63,1
DA:64,1
DA:65,1
DA:66,1
DA:67,1
DA:68,1
DA:69,1
DA:74,1
DA:75,1
DA:76,1
DA:77,1
DA:78,1
DA:79,1
DA:80,1
DA:81,1
DA:85,1
DA:86,1
DA:87,1
DA:88,1
DA:89,1
DA:90,1
DA:91,1
DA:92,1
DA:96,1
DA:97,1
DA:98,1
DA:99,1
DA:100,1
DA:101,1
DA:102,1
DA:103,1
LF:51
LH:51
end_of_record
SF:lib/domain/entities/sentiment_analysis.dart
DA:10,2
DA:17,1
DA:20,1
DA:21,3
DA:22,3
DA:23,3
DA:24,3
DA:25,3
DA:29,1
DA:31,3
DA:32,3
DA:33,3
DA:34,2
DA:37,1
DA:39,5
DA:43,1
DA:49,1
DA:50,1
DA:51,1
DA:52,1
DA:53,1
DA:58,1
DA:59,1
DA:60,1
DA:61,1
DA:62,1
DA:63,1
DA:67,1
DA:68,1
DA:69,1
DA:70,1
DA:71,1
DA:72,1
LF:33
LH:33
end_of_record
SF:lib/news_lens_app.dart
DA:5,1
DA:8,1
DA:10,1
DA:12,1
DA:28,1
DA:37,1
DA:50,1
DA:51,1
DA:57,1
DA:58,2
DA:64,2
DA:68,1
DA:76,1
DA:77,1
DA:81,3
DA:84,3
DA:86,1
DA:89,1
DA:104,1
DA:108,1
DA:109,2
DA:110,3
DA:115,1
DA:116,1
LF:24
LH:24
end_of_record
SF:lib/domain/entities/news_source.dart
DA:10,1
DA:11,5
DA:14,2
DA:21,1
DA:23,7
DA:25,1
DA:27,3
DA:28,3
DA:29,3
DA:30,2
DA:32,1
DA:34,5
DA:37,1
DA:43,1
DA:44,1
DA:45,1
DA:46,1
DA:47,1
DA:51,1
DA:52,1
DA:53,1
DA:54,1
DA:55,1
DA:56,1
DA:60,1
DA:61,1
DA:62,1
DA:63,1
DA:64,1
DA:65,1
LF:30
LH:30
end_of_record
SF:lib/domain/entities/notification.dart
DA:13,1
DA:20,1
DA:23,1
DA:24,3
DA:25,3
DA:26,3
DA:27,3
DA:28,3
DA:32,1
DA:34,3
DA:35,3
DA:36,3
DA:37,2
DA:40,1
DA:42,5
DA:46,1
DA:52,1
DA:53,1
DA:54,1
DA:55,1
DA:56,1
DA:61,1
DA:62,1
DA:63,1
DA:64,1
DA:65,1
DA:66,1
DA:70,1
DA:71,1
DA:72,1
DA:73,1
DA:74,1
DA:75,1
DA:79,1
DA:80,2
DA:81,1
DA:82,1
DA:83,1
LF:38
LH:38
end_of_record
